<?xml version="1.0" encoding="UTF-8"?>
<robot generator="Robot 7.2 (Python 3.13.1 on win32)" generated="2025-02-10T14:00:25.551630" rpa="false" schemaversion="5">
<suite id="s1" name="ExerciciosVariaveis" source="C:\Users\rebec\OneDrive\Área de Trabalho\RobotFramework_basico\VariaveisEscoposArgumentos\ExerciciosVariaveis.robot">
<test id="s1-t1" name="Exercicio 03" line="62">
<kw name="gera email">
<kw name="Generate Random String" owner="String">
<msg time="2025-02-10T14:00:25.577989" level="INFO">${RDN_STRING} = jlhhlmQs</msg>
<var>${RDN_STRING}</var>
<doc>Generates a string with a desired ``length`` from the given ``chars``.</doc>
<status status="PASS" start="2025-02-10T14:00:25.577864" elapsed="0.000153"/>
</kw>
<kw name="Set Variable" owner="BuiltIn">
<msg time="2025-02-10T14:00:25.578239" level="INFO">${EMAIL} = rebecacamilojlhhlmQs@testerobot.com</msg>
<var>${EMAIL}</var>
<arg>${STRING1}${STRING2}${RDN_STRING}@testerobot.com</arg>
<doc>Returns the given values which can then be assigned to a variables.</doc>
<status status="PASS" start="2025-02-10T14:00:25.578102" elapsed="0.000156"/>
</kw>
<kw name="Log To Console" owner="BuiltIn">
<arg>${EMAIL}</arg>
<doc>Logs the given message to the console.</doc>
<status status="PASS" start="2025-02-10T14:00:25.578324" elapsed="0.000155"/>
</kw>
<arg>STRING1=${NOME}</arg>
<arg>STRING2=${SOBRENOME}</arg>
<status status="PASS" start="2025-02-10T14:00:25.577430" elapsed="0.001152"/>
</kw>
<status status="PASS" start="2025-02-10T14:00:25.576840" elapsed="0.001935"/>
</test>
<status status="PASS" start="2025-02-10T14:00:25.552754" elapsed="0.027069"/>
</suite>
<statistics>
<total>
<stat pass="1" fail="0" skip="0">All Tests</stat>
</total>
<tag>
</tag>
<suite>
<stat name="ExerciciosVariaveis" id="s1" pass="1" fail="0" skip="0">ExerciciosVariaveis</stat>
</suite>
</statistics>
<errors>
</errors>
</robot>
